  
= ----- 2015/2/1 星期日 下午 15:57:38
= MRDCL version 2011.1 Startup
= E:\QD\tools\labels-frame\table\table.stp
= Copyright 1990 - 2009 MRDC Software, Kent, England
  CEP
  CSV 2002 style
  NOLSUM
  OLDNAMES
  OLDWQ
  TIDY
  C(A)=E:\QD\tools\labels-frame\table\0419.DAT
  OUTPUT=..\OUTPUT\XXXXX.TAB
  CHARSET=DOUBLE
= MRDCL version 2011.1 startup completed
  
= ----- 2015/2/1 星期日 下午 15:57:38
= MRDCL compilation phase startup
  Starting compilation
= Stage 1 (data)
= Stage 2 (tables)
= MRDCL compilation phase completed
  
= ----- 2015/2/1 星期日 下午 15:57:38
= MRDCL execution phase startup
= Stage 1 (data)
  Now opening file (A) number 1
  E:\QD\tools\labels-frame\table\0419.DAT
=  Data lines read 345
=  Records 345
  Number of times reached finish data 345
  Write commands rejected 0
  Write commands accepted 345
  IDF records 345
= Stage 2 (tables)
  Records to be read 345
  Passes needed 1
= MRDCL execution phase completed
  
= ----- 2015/2/1 星期日 下午 15:57:38
= MRDCL print phase startup
= MRDCL print phase completed
= CL run completed
  Data lines read 345
  IDF data records 345
  Table pages 13
  
= ----- 2015/2/1 星期日 下午 15:57:38
